生成启动时间为 2020/10/24 22:16:19。
     1>项目“D:\CPP\RayTracer\RayTracer\RayTracer.vcxproj”在节点 2 上(Build 个目标)。
     1>ClCompile:
         C:\Program Files (x86)\Microsoft Visual Studio 12.0\VC\bin\x86_amd64\CL.exe /c /Zi /nologo /W3 /WX- /sdl /Od /D _DEBUG /D _CONSOLE /D _UNICODE /D UNICODE /Gm /EHsc /RTC1 /MDd /GS /fp:precise /Zc:wchar_t /Zc:forScope /Fo"x64\Debug\\" /Fd"x64\Debug\vc120.pdb" /Gd /TP /errorReport:prompt Source.cpp
         Source.cpp
     1>d:\cpp\raytracer\raytracer\vec3.h(74): warning C4244: “参数”: 从“double”转换到“float”，可能丢失数据
     1>d:\cpp\raytracer\raytracer\vec3.h(75): warning C4244: “参数”: 从“double”转换到“float”，可能丢失数据
     1>d:\cpp\raytracer\raytracer\vec3.h(86): warning C4244: “参数”: 从“double”转换到“float”，可能丢失数据
     1>d:\cpp\raytracer\raytracer\rtweekend.h(47): warning C4244: “参数”: 从“double”转换到“float”，可能丢失数据
     1>d:\cpp\raytracer\raytracer\rtweekend.h(50): warning C4244: “参数”: 从“double”转换到“float”，可能丢失数据
     1>d:\cpp\raytracer\raytracer\rtweekend.h(60): warning C4244: “参数”: 从“double”转换到“float”，可能丢失数据
     1>d:\cpp\raytracer\raytracer\hitable_list.h(29): warning C4244: “参数”: 从“double”转换到“float”，可能丢失数据
     1>d:\cpp\raytracer\raytracer\camera.h(24): warning C4244: “初始化”: 从“double”转换到“float”，可能丢失数据
     1>d:\cpp\raytracer\raytracer\camera.h(25): warning C4244: “初始化”: 从“double”转换到“float”，可能丢失数据
     1>d:\cpp\raytracer\raytracer\camera.h(35): warning C4244: “参数”: 从“double”转换到“float”，可能丢失数据
     1>d:\cpp\raytracer\raytracer\camera.h(36): warning C4244: “参数”: 从“double”转换到“float”，可能丢失数据
     1>d:\cpp\raytracer\raytracer\camera.h(37): warning C4244: “参数”: 从“double”转换到“float”，可能丢失数据
     1>d:\cpp\raytracer\raytracer\camera.h(45): warning C4244: “参数”: 从“double”转换到“float”，可能丢失数据
     1>d:\cpp\raytracer\raytracer\color.h(10): warning C4244: “参数”: 从“double”转换到“float”，可能丢失数据
     1>d:\cpp\raytracer\raytracer\moving_sphere.h(30): warning C4244: “参数”: 从“const double”转换到“float”，可能丢失数据
     1>d:\cpp\raytracer\raytracer\moving_sphere.h(40): warning C4244: “初始化”: 从“const double”转换到“float”，可能丢失数据
     1>d:\cpp\raytracer\raytracer\moving_sphere.h(47): warning C4244: “参数”: 从“const double”转换到“float”，可能丢失数据
     1>d:\cpp\raytracer\raytracer\moving_sphere.h(57): warning C4244: “参数”: 从“const double”转换到“float”，可能丢失数据
     1>Source.cpp(13): warning C4244: “参数”: 从“const double”转换到“float”，可能丢失数据
     1>Source.cpp(13): warning C4305: “参数”: 从“double”到“float”截断
     1>Source.cpp(25): warning C4244: “参数”: 从“double”转换到“float”，可能丢失数据
     1>Source.cpp(25): warning C4305: “参数”: 从“double”到“float”截断
     1>Source.cpp(38): warning C4244: “参数”: 从“double”转换到“float”，可能丢失数据
     1>Source.cpp(38): warning C4305: “参数”: 从“double”到“float”截断
     1>Source.cpp(40): warning C4305: “参数”: 从“double”到“float”截断
     1>Source.cpp(45): warning C4244: “参数”: 从“double”转换到“float”，可能丢失数据
     1>Source.cpp(47): warning C4244: “参数”: 从“double”转换到“float”，可能丢失数据
     1>Source.cpp(52): warning C4244: “参数”: 从“double”转换到“float”，可能丢失数据
     1>Source.cpp(69): warning C4305: “参数”: 从“double”到“float”截断
     1>Source.cpp(72): warning C4305: “参数”: 从“double”到“float”截断
     1>Source.cpp(81): warning C4305: “初始化”: 从“double”到“float”截断
     1>Source.cpp(129): warning C4244: “初始化”: 从“double”转换到“float”，可能丢失数据
     1>Source.cpp(130): warning C4244: “初始化”: 从“double”转换到“float”，可能丢失数据
     1>C:\Program Files (x86)\Microsoft Visual Studio 12.0\VC\include\memory(932): warning C4244: “参数”: 从“int”转换到“float”，可能丢失数据
                 C:\Program Files (x86)\Microsoft Visual Studio 12.0\VC\include\memory(1003): 参见对正在编译的函数 模板 实例化“std::_Ref_count_obj<_Ty>::_Ref_count_obj<vec3,int,std::shared_ptr<lambertian>&>(vec3 &&,int &&,std::shared_ptr<lambertian> &)”的引用
                 with
                 [
                     _Ty=sphere
                 ]
                 C:\Program Files (x86)\Microsoft Visual Studio 12.0\VC\include\memory(1003): 参见对正在编译的函数 模板 实例化“std::_Ref_count_obj<_Ty>::_Ref_count_obj<vec3,int,std::shared_ptr<lambertian>&>(vec3 &&,int &&,std::shared_ptr<lambertian> &)”的引用
                 with
                 [
                     _Ty=sphere
                 ]
                 Source.cpp(33): 参见对正在编译的函数 模板 实例化“std::shared_ptr<sphere> std::make_shared<sphere,vec3,int,std::shared_ptr<lambertian>&>(vec3 &&,int &&,std::shared_ptr<lambertian> &)”的引用
     1>C:\Program Files (x86)\Microsoft Visual Studio 12.0\VC\include\memory(932): warning C4244: “参数”: 从“double”转换到“float”，可能丢失数据
                 C:\Program Files (x86)\Microsoft Visual Studio 12.0\VC\include\memory(1003): 参见对正在编译的函数 模板 实例化“std::_Ref_count_obj<_Ty>::_Ref_count_obj<vec3&,double&>(vec3 &,double &)”的引用
                 with
                 [
                     _Ty=metal
                 ]
                 C:\Program Files (x86)\Microsoft Visual Studio 12.0\VC\include\memory(1003): 参见对正在编译的函数 模板 实例化“std::_Ref_count_obj<_Ty>::_Ref_count_obj<vec3&,double&>(vec3 &,double &)”的引用
                 with
                 [
                     _Ty=metal
                 ]
                 Source.cpp(54): 参见对正在编译的函数 模板 实例化“std::shared_ptr<metal> std::make_shared<metal,vec3&,double&>(vec3 &,double &)”的引用
     1>d:\cpp\raytracer\raytracer\vec3.h(46): warning C4715: “operator/”: 不是所有的控件路径都返回值
       Link:
         C:\Program Files (x86)\Microsoft Visual Studio 12.0\VC\bin\x86_amd64\link.exe /ERRORREPORT:PROMPT /OUT:"D:\CPP\RayTracer\x64\Debug\RayTracer.exe" /INCREMENTAL /NOLOGO kernel32.lib user32.lib gdi32.lib winspool.lib comdlg32.lib advapi32.lib shell32.lib ole32.lib oleaut32.lib uuid.lib odbc32.lib odbccp32.lib /MANIFEST /MANIFESTUAC:"level='asInvoker' uiAccess='false'" /manifest:embed /DEBUG /PDB:"D:\CPP\RayTracer\x64\Debug\RayTracer.pdb" /SUBSYSTEM:CONSOLE /TLBID:1 /DYNAMICBASE /NXCOMPAT /IMPLIB:"D:\CPP\RayTracer\x64\Debug\RayTracer.lib" /MACHINE:X64 x64\Debug\Source.obj
         RayTracer.vcxproj -> D:\CPP\RayTracer\x64\Debug\RayTracer.exe
     1>已完成生成项目“D:\CPP\RayTracer\RayTracer\RayTracer.vcxproj”(Build 个目标)的操作。

生成成功。

已用时间 00:00:01.94
